{"C:\\Users\\manue\\source\\react-components\\src\\components\\StarRating\\StarRating.tsx": {"path":"C:\\Users\\manue\\source\\react-components\\src\\components\\StarRating\\StarRating.tsx","all":false,"statementMap":{"0":{"start":{"line":1,"column":0},"end":{"line":1,"column":52}},"1":{"start":{"line":2,"column":0},"end":{"line":2,"column":25}},"2":{"start":{"line":3,"column":0},"end":{"line":3,"column":0}},"3":{"start":{"line":4,"column":0},"end":{"line":4,"column":61}},"4":{"start":{"line":5,"column":0},"end":{"line":5,"column":60}},"5":{"start":{"line":6,"column":0},"end":{"line":6,"column":0}},"6":{"start":{"line":7,"column":0},"end":{"line":7,"column":12}},"7":{"start":{"line":8,"column":0},"end":{"line":8,"column":39}},"8":{"start":{"line":9,"column":0},"end":{"line":9,"column":38}},"9":{"start":{"line":10,"column":0},"end":{"line":10,"column":40}},"10":{"start":{"line":11,"column":0},"end":{"line":11,"column":23}},"11":{"start":{"line":12,"column":0},"end":{"line":12,"column":45}},"12":{"start":{"line":13,"column":0},"end":{"line":13,"column":53}},"13":{"start":{"line":14,"column":0},"end":{"line":14,"column":30}},"14":{"start":{"line":15,"column":0},"end":{"line":15,"column":94}},"15":{"start":{"line":16,"column":0},"end":{"line":16,"column":59}},"16":{"start":{"line":17,"column":0},"end":{"line":17,"column":17}},"17":{"start":{"line":18,"column":0},"end":{"line":18,"column":64}},"18":{"start":{"line":19,"column":0},"end":{"line":19,"column":25}},"19":{"start":{"line":20,"column":0},"end":{"line":20,"column":14}},"20":{"start":{"line":21,"column":0},"end":{"line":21,"column":14}},"21":{"start":{"line":22,"column":0},"end":{"line":22,"column":5}},"22":{"start":{"line":23,"column":0},"end":{"line":23,"column":1}}},"s":{"0":1,"1":1,"2":1,"3":4,"4":4,"5":4,"6":4,"7":4,"8":4,"9":4,"10":20,"11":20,"12":20,"13":20,"14":4,"15":4,"16":4,"17":4,"18":4,"19":4,"20":4,"21":4,"22":4},"branchMap":{"0":{"type":"branch","line":4,"loc":{"start":{"line":4,"column":0},"end":{"line":23,"column":1}},"locations":[{"start":{"line":4,"column":0},"end":{"line":23,"column":1}}]},"1":{"type":"branch","line":5,"loc":{"start":{"line":5,"column":44},"end":{"line":5,"column":59}},"locations":[{"start":{"line":5,"column":44},"end":{"line":5,"column":59}}]},"2":{"type":"branch","line":10,"loc":{"start":{"line":10,"column":23},"end":{"line":14,"column":30}},"locations":[{"start":{"line":10,"column":23},"end":{"line":14,"column":30}}]},"3":{"type":"branch","line":15,"loc":{"start":{"line":15,"column":68},"end":{"line":15,"column":78}},"locations":[{"start":{"line":15,"column":68},"end":{"line":15,"column":78}}]},"4":{"type":"branch","line":15,"loc":{"start":{"line":15,"column":79},"end":{"line":15,"column":91}},"locations":[{"start":{"line":15,"column":79},"end":{"line":15,"column":91}}]},"5":{"type":"branch","line":16,"loc":{"start":{"line":16,"column":29},"end":{"line":16,"column":58}},"locations":[{"start":{"line":16,"column":29},"end":{"line":16,"column":58}}]}},"b":{"0":[4],"1":[20],"2":[20],"3":[3],"4":[17],"5":[5]},"fnMap":{"0":{"name":"StarRating","decl":{"start":{"line":4,"column":0},"end":{"line":23,"column":1}},"loc":{"start":{"line":4,"column":0},"end":{"line":23,"column":1}},"line":4},"1":{"name":"onClick","decl":{"start":{"line":16,"column":29},"end":{"line":16,"column":58}},"loc":{"start":{"line":16,"column":29},"end":{"line":16,"column":58}},"line":16}},"f":{"0":4,"1":5}}
}
